[19:53:48] [main/INFO] [LaunchWrapper]: Loading tweak class name net.minecraftforge.fml.common.launcher.FMLServerTweaker
[19:53:48] [main/INFO] [LaunchWrapper]: Using primary tweak class name net.minecraftforge.fml.common.launcher.FMLServerTweaker
[19:53:48] [main/INFO] [LaunchWrapper]: Calling tweak class net.minecraftforge.fml.common.launcher.FMLServerTweaker
[19:53:48] [main/DEBUG] [FML]: Injecting tracing printstreams for STDOUT/STDERR.
[19:53:48] [main/INFO] [FML]: Forge Mod Loader version 14.23.5.2859 for Minecraft 1.12.2 loading
[19:53:48] [main/INFO] [FML]: Java is Java HotSpot(TM) 64-Bit Server VM, version 1.8.0_341, running on Windows 11:amd64:10.0, installed at C:\Progra~1\Java\jre1.8.0_341
[19:53:48] [main/DEBUG] [FML]: Java classpath at launch is:
[19:53:48] [main/DEBUG] [FML]:     C:\Users\panjo\Desktop\Workspace\server-creator-master\server\forge-1.12.2-14.23.5.2859.jar
[19:53:48] [main/DEBUG] [FML]: Java library path at launch is:
[19:53:48] [main/DEBUG] [FML]:     C:\Progra~1\Java\jre1.8.0_341\bin
[19:53:48] [main/DEBUG] [FML]:     C:\Windows\Sun\Java\bin
[19:53:48] [main/DEBUG] [FML]:     C:\Windows\system32
[19:53:48] [main/DEBUG] [FML]:     C:\Windows
[19:53:48] [main/DEBUG] [FML]:     C:\Users\panjo\Desktop\Workspace\server-creator-master\node_modules\.bin
[19:53:48] [main/DEBUG] [FML]:     C:\Users\panjo\Desktop\Workspace\node_modules\.bin
[19:53:48] [main/DEBUG] [FML]:     C:\Users\panjo\Desktop\node_modules\.bin
[19:53:48] [main/DEBUG] [FML]:     C:\Users\panjo\node_modules\.bin
[19:53:48] [main/DEBUG] [FML]:     C:\Users\node_modules\.bin
[19:53:48] [main/DEBUG] [FML]:     C:\node_modules\.bin
[19:53:48] [main/DEBUG] [FML]:     C:\Program Files\nodejs\node_modules\npm\node_modules\@npmcli\run-script\lib\node-gyp-bin
[19:53:48] [main/DEBUG] [FML]:     C:\Program Files\Common Files\Oracle\Java\javapath
[19:53:48] [main/DEBUG] [FML]:     C:\Program Files (x86)\Common Files\Oracle\Java\javapath
[19:53:48] [main/DEBUG] [FML]:     C:\Program Files (x86)\NVIDIA Corporation\PhysX\Common
[19:53:48] [main/DEBUG] [FML]:     C:\Program Files (x86)\VMware\VMware Player\bin\
[19:53:48] [main/DEBUG] [FML]:     C:\Windows\system32
[19:53:48] [main/DEBUG] [FML]:     C:\Windows
[19:53:48] [main/DEBUG] [FML]:     C:\Windows\System32\Wbem
[19:53:48] [main/DEBUG] [FML]:     C:\Windows\System32\WindowsPowerShell\v1.0\
[19:53:48] [main/DEBUG] [FML]:     C:\Windows\System32\OpenSSH\
[19:53:48] [main/DEBUG] [FML]:     C:\Program Files\Microsoft VS Code\bin
[19:53:48] [main/DEBUG] [FML]:     C:\Program Files\Git\cmd
[19:53:48] [main/DEBUG] [FML]:     C:\Program Files\Java\jre1.8.0_341\
[19:53:48] [main/DEBUG] [FML]:     C:\Program Files\nodejs\
[19:53:48] [main/DEBUG] [FML]:     C:\Users\panjo\AppData\Local\Microsoft\WindowsApps
[19:53:48] [main/DEBUG] [FML]:     C:\Users\panjo\AppData\Local\spicetify
[19:53:48] [main/DEBUG] [FML]:     C:\Users\panjo\AppData\Local\GitHubDesktop\bin
[19:53:48] [main/DEBUG] [FML]:     C:\Users\panjo\AppData\Roaming\npm
[19:53:48] [main/DEBUG] [FML]:     .
[19:53:48] [main/DEBUG] [FML]: Determined Minecraft Libraries Root: C:\Users\panjo\Desktop\Workspace\server-creator-master\server\libraries
[19:53:48] [main/DEBUG] [FML]: Enabling runtime deobfuscation
[19:53:49] [main/DEBUG] [FML]: Instantiating coremod class FMLCorePlugin
[19:53:49] [main/DEBUG] [FML]: Found signing certificates for coremod FMLCorePlugin (net.minecraftforge.fml.relauncher.FMLCorePlugin)
[19:53:49] [main/DEBUG] [FML]: Found certificate e3c3d50c7c986df74c645c0ac54639741c90a557
[19:53:49] [main/DEBUG] [FML]: Added access transformer class net.minecraftforge.fml.common.asm.transformers.AccessTransformer to enqueued access transformers
[19:53:49] [main/DEBUG] [FML]: Enqueued coremod FMLCorePlugin
[19:53:49] [main/DEBUG] [FML]: Instantiating coremod class FMLForgePlugin
[19:53:49] [main/DEBUG] [FML]: Found signing certificates for coremod FMLForgePlugin (net.minecraftforge.classloading.FMLForgePlugin)
[19:53:49] [main/DEBUG] [FML]: Found certificate e3c3d50c7c986df74c645c0ac54639741c90a557
[19:53:49] [main/DEBUG] [FML]: Enqueued coremod FMLForgePlugin
[19:53:49] [main/DEBUG] [FML]: All fundamental core mods are successfully located
[19:53:49] [main/DEBUG] [FML]: Discovering coremods
[19:53:49] [main/INFO] [FML]: Searching C:\Users\panjo\Desktop\Workspace\server-creator-master\batches\.\mods for mods
[19:53:49] [main/INFO] [LaunchWrapper]: Loading tweak class name net.minecraftforge.fml.common.launcher.FMLInjectionAndSortingTweaker
[19:53:49] [main/INFO] [LaunchWrapper]: Loading tweak class name net.minecraftforge.fml.common.launcher.FMLDeobfTweaker
[19:53:49] [main/INFO] [LaunchWrapper]: Calling tweak class net.minecraftforge.fml.common.launcher.FMLInjectionAndSortingTweaker
[19:53:49] [main/INFO] [LaunchWrapper]: Calling tweak class net.minecraftforge.fml.common.launcher.FMLInjectionAndSortingTweaker
[19:53:49] [main/INFO] [LaunchWrapper]: Calling tweak class net.minecraftforge.fml.relauncher.CoreModManager$FMLPluginWrapper
[19:53:49] [main/DEBUG] [FML]: Injecting coremod FMLCorePlugin \{net.minecraftforge.fml.relauncher.FMLCorePlugin\} class transformers
[19:53:49] [main/TRACE] [FML]: Registering transformer net.minecraftforge.fml.common.asm.transformers.SideTransformer
[19:53:49] [main/TRACE] [FML]: Registering transformer net.minecraftforge.fml.common.asm.transformers.EventSubscriptionTransformer
[19:53:49] [main/TRACE] [FML]: Registering transformer net.minecraftforge.fml.common.asm.transformers.EventSubscriberTransformer
[19:53:49] [main/TRACE] [FML]: Registering transformer net.minecraftforge.fml.common.asm.transformers.SoundEngineFixTransformer
[19:53:49] [main/DEBUG] [FML]: Injection complete
[19:53:49] [main/DEBUG] [FML]: Running coremod plugin for FMLCorePlugin \{net.minecraftforge.fml.relauncher.FMLCorePlugin\}
[19:53:49] [main/DEBUG] [FML]: Running coremod plugin FMLCorePlugin
[19:53:49] [main/DEBUG] [FML]: Read 1154 binary patches
[19:53:50] [main/DEBUG] [FML]: Loading deobfuscation resource /deobfuscation_data-1.12.2.lzma with 36076 records
[19:53:50] [main/INFO] [FML]: Found valid fingerprint for Minecraft Forge. Certificate fingerprint e3c3d50c7c986df74c645c0ac54639741c90a557
[19:53:50] [main/DEBUG] [FML]: Coremod plugin class FMLCorePlugin run successfully
[19:53:50] [main/INFO] [LaunchWrapper]: Calling tweak class net.minecraftforge.fml.relauncher.CoreModManager$FMLPluginWrapper
[19:53:50] [main/DEBUG] [FML]: Injecting coremod FMLForgePlugin \{net.minecraftforge.classloading.FMLForgePlugin\} class transformers
[19:53:50] [main/DEBUG] [FML]: Injection complete
[19:53:50] [main/DEBUG] [FML]: Running coremod plugin for FMLForgePlugin \{net.minecraftforge.classloading.FMLForgePlugin\}
[19:53:50] [main/DEBUG] [FML]: Running coremod plugin FMLForgePlugin
[19:53:50] [main/DEBUG] [FML]: Coremod plugin class FMLForgePlugin run successfully
[19:53:50] [main/INFO] [LaunchWrapper]: Calling tweak class net.minecraftforge.fml.common.launcher.FMLDeobfTweaker
[19:53:50] [main/DEBUG] [FML]: Loaded 215 rules from AccessTransformer config file forge_at.cfg
[19:53:50] [main/DEBUG] [FML]: Validating minecraft
[19:53:50] [main/DEBUG] [FML]: Minecraft validated, launching...
[19:53:50] [main/INFO] [LaunchWrapper]: Loading tweak class name net.minecraftforge.fml.common.launcher.TerminalTweaker
[19:53:50] [main/INFO] [LaunchWrapper]: Calling tweak class net.minecraftforge.fml.common.launcher.TerminalTweaker
[19:53:51] [main/INFO] [LaunchWrapper]: Launching wrapped minecraft {net.minecraft.server.MinecraftServer}
[19:53:51] [main/WARN] [net.minecraft.server.ServerEula]: Failed to load eula.txt
[19:53:51] [main/INFO] [net.minecraft.server.MinecraftServer]: You need to agree to the EULA in order to run the server. Go to eula.txt for more info.
